<?xml version="1.0" encoding="UTF-8"?>
<!-- Generated by org.testng.reporters.JUnitXMLReporter -->
<testsuite ignored="0" hostname="LSTKTR233619" failures="1" tests="2" name="Main Flows" time="15.043" errors="0" timestamp="2022-04-06T20:13:51 CDT">
  <testcase classname="tests.RegisterTest" name="RegisterAccount" time="9.741">
    <failure type="java.lang.AssertionError" message="expected [true] but found [false]">
      <![CDATA[java.lang.AssertionError: expected [true] but found [false]
at tests.RegisterTest.RegisterAccount(RegisterTest.java:35)
at java.base/java.util.ArrayList.forEach(ArrayList.java:1511)
... Removed 31 stack frames]]>
    </failure>
  </testcase> <!-- RegisterAccount -->
  <testcase classname="tests.LogInTest" name="LogInAttempt" time="2.19"/>
</testsuite> <!-- Main Flows -->
