<?xml version="1.0" encoding="UTF-8"?>
<testng-results ignored="0" total="1" passed="1" failed="0" skipped="0">
  <reporter-output>
  </reporter-output>
  <suite started-at="2022-04-06T15:05:19 CDT" name="Default suite" finished-at="2022-04-06T15:05:31 CDT" duration-ms="11397">
    <groups>
    </groups>
    <test started-at="2022-04-06T15:05:19 CDT" name="Default test" finished-at="2022-04-06T15:05:31 CDT" duration-ms="11397">
      <class name="tests.ExampleTest">
        <test-method is-config="true" signature="beforeTest()[pri:0, instance:tests.ExampleTest@72e5a8e]" started-at="2022-04-06T15:05:19 CDT" name="beforeTest" finished-at="2022-04-06T15:05:21 CDT" duration-ms="1403" status="PASS">
          <reporter-output>
          </reporter-output>
        </test-method> <!-- beforeTest -->
        <test-method signature="f()[pri:0, instance:tests.ExampleTest@72e5a8e]" started-at="2022-04-06T15:05:21 CDT" name="f" finished-at="2022-04-06T15:05:30 CDT" duration-ms="9694" status="PASS">
          <reporter-output>
          </reporter-output>
        </test-method> <!-- f -->
        <test-method is-config="true" signature="afterTest()[pri:0, instance:tests.ExampleTest@72e5a8e]" started-at="2022-04-06T15:05:30 CDT" name="afterTest" finished-at="2022-04-06T15:05:31 CDT" duration-ms="271" status="PASS">
          <reporter-output>
          </reporter-output>
        </test-method> <!-- afterTest -->
      </class> <!-- tests.ExampleTest -->
    </test> <!-- Default test -->
  </suite> <!-- Default suite -->
</testng-results>
